       0, (next=4)
         4, (prev=0), (next=5)
         5, (prev=4), (next=0)
       0, (prev=5), (next=0)
       0, (prev=0), (next=4)
         4, (prev=0), (next=5)
         5, (prev=4), (next=2)
         2, (prev=5), (next=6)
         6, (prev=2), (next=9)
       9, (prev=6), (next=5)
       5, (prev=9)
new tree
   7, (next=3)
         3, (prev=7), (next=7)
         7, (prev=3), (next=4)
         4, (prev=7), (next=3)
         3, (prev=4), (next=6)
         6, (prev=3), (next=3)
         3, (prev=6), (next=8)
         8, (prev=3), (next=8)
         8, (prev=8)
old end: 5 new start: 7
Reducing:
         0, (next=4)
           4, (prev=0), (next=5)
           5, (prev=4), (next=0)
         0, (prev=5), (next=0)
         0, (prev=0), (next=4)
           4, (prev=0), (next=5)
           5, (prev=4), (next=2)
           2, (prev=5), (next=6)
           6, (prev=2), (next=9)
         9, (prev=6), (next=5)
         5, (prev=9), (next=7)
     7, (prev=5), (next=3)
           3, (prev=7), (next=7)
           7, (prev=3), (next=4)
           4, (prev=7), (next=3)
           3, (prev=4), (next=6)
           6, (prev=3), (next=3)
           3, (prev=6), (next=8)
           8, (prev=3), (next=8)
           8, (prev=8)
exploded:
         4, (next=0)
         0, (prev=4), (next=5)
         5, (prev=0), (next=0)
         0, (prev=5), (next=4)
           4, (prev=0), (next=5)
           5, (prev=4), (next=2)
           2, (prev=5), (next=6)
           6, (prev=2), (next=9)
         9, (prev=6), (next=5)
         5, (prev=9), (next=7)
     7, (prev=5), (next=3)
           3, (prev=7), (next=7)
           7, (prev=3), (next=4)
           4, (prev=7), (next=3)
           3, (prev=4), (next=6)
           6, (prev=3), (next=3)
           3, (prev=6), (next=8)
           8, (prev=3), (next=8)
           8, (prev=8)
exploded:
         4, (next=0)
         0, (prev=4), (next=5)
         5, (prev=0), (next=4)
         4, (prev=5), (next=0)
         0, (prev=4), (next=7)
           7, (prev=0), (next=6)
           6, (prev=7), (next=9)
         9, (prev=6), (next=5)
         5, (prev=9), (next=7)
     7, (prev=5), (next=3)
           3, (prev=7), (next=7)
           7, (prev=3), (next=4)
           4, (prev=7), (next=3)
           3, (prev=4), (next=6)
           6, (prev=3), (next=3)
           3, (prev=6), (next=8)
           8, (prev=3), (next=8)
           8, (prev=8)
exploded:
         4, (next=0)
         0, (prev=4), (next=5)
         5, (prev=0), (next=4)
         4, (prev=5), (next=7)
         7, (prev=4), (next=0)
         0, (prev=7), (next=15)
         15, (prev=0), (next=5)
         5, (prev=15), (next=7)
     7, (prev=5), (next=3)
           3, (prev=7), (next=7)
           7, (prev=3), (next=4)
           4, (prev=7), (next=3)
           3, (prev=4), (next=6)
           6, (prev=3), (next=3)
           3, (prev=6), (next=8)
           8, (prev=3), (next=8)
           8, (prev=8)
exploded:
         4, (next=0)
         0, (prev=4), (next=5)
         5, (prev=0), (next=4)
         4, (prev=5), (next=7)
         7, (prev=4), (next=0)
         0, (prev=7), (next=15)
         15, (prev=0), (next=5)
         5, (prev=15), (next=10)
     10, (prev=5), (next=0)
         0, (prev=10), (next=11)
           11, (prev=0), (next=3)
           3, (prev=11), (next=6)
           6, (prev=3), (next=3)
           3, (prev=6), (next=8)
           8, (prev=3), (next=8)
           8, (prev=8)
exploded:
         4, (next=0)
         0, (prev=4), (next=5)
         5, (prev=0), (next=4)
         4, (prev=5), (next=7)
         7, (prev=4), (next=0)
         0, (prev=7), (next=15)
         15, (prev=0), (next=5)
         5, (prev=15), (next=10)
     10, (prev=5), (next=11)
         11, (prev=10), (next=0)
         0, (prev=11), (next=9)
           9, (prev=0), (next=3)
           3, (prev=9), (next=8)
           8, (prev=3), (next=8)
           8, (prev=8)
exploded:
         4, (next=0)
         0, (prev=4), (next=5)
         5, (prev=0), (next=4)
         4, (prev=5), (next=7)
         7, (prev=4), (next=0)
         0, (prev=7), (next=15)
         15, (prev=0), (next=5)
         5, (prev=15), (next=10)
     10, (prev=5), (next=11)
         11, (prev=10), (next=9)
         9, (prev=11), (next=0)
         0, (prev=9), (next=11)
           11, (prev=0), (next=8)
           8, (prev=11)
exploded:
         4, (next=0)
         0, (prev=4), (next=5)
         5, (prev=0), (next=4)
         4, (prev=5), (next=7)
         7, (prev=4), (next=0)
         0, (prev=7), (next=15)
         15, (prev=0), (next=5)
         5, (prev=15), (next=10)
     10, (prev=5), (next=11)
         11, (prev=10), (next=9)
         9, (prev=11), (next=11)
         11, (prev=9), (next=0)
         0, (prev=11)
splitted:
         4, (next=0)
         0, (prev=4), (next=5)
         5, (prev=0), (next=4)
         4, (prev=5), (next=7)
         7, (prev=4), (next=0)
         0, (prev=7), (next=7)
           7, (prev=0), (next=8)
           8, (prev=7), (next=5)
         5, (prev=8), (next=10)
     10, (prev=5), (next=11)
         11, (prev=10), (next=9)
         9, (prev=11), (next=11)
         11, (prev=9), (next=0)
         0, (prev=11)
exploded:
         4, (next=0)
         0, (prev=4), (next=5)
         5, (prev=0), (next=4)
         4, (prev=5), (next=7)
         7, (prev=4), (next=7)
         7, (prev=7), (next=0)
         0, (prev=7), (next=13)
         13, (prev=0), (next=10)
     10, (prev=13), (next=11)
         11, (prev=10), (next=9)
         9, (prev=11), (next=11)
         11, (prev=9), (next=0)
         0, (prev=11)
splitted:
         4, (next=0)
         0, (prev=4), (next=5)
         5, (prev=0), (next=4)
         4, (prev=5), (next=7)
         7, (prev=4), (next=7)
         7, (prev=7), (next=0)
         0, (prev=7), (next=6)
           6, (prev=0), (next=7)
           7, (prev=6), (next=10)
     10, (prev=7), (next=11)
         11, (prev=10), (next=9)
         9, (prev=11), (next=11)
         11, (prev=9), (next=0)
         0, (prev=11)
exploded:
         4, (next=0)
         0, (prev=4), (next=5)
         5, (prev=0), (next=4)
         4, (prev=5), (next=7)
         7, (prev=4), (next=7)
         7, (prev=7), (next=6)
         6, (prev=7), (next=0)
         0, (prev=6), (next=17)
     17, (prev=0), (next=11)
         11, (prev=17), (next=9)
         9, (prev=11), (next=11)
         11, (prev=9), (next=0)
         0, (prev=11)
splitted:
         4, (next=0)
         0, (prev=4), (next=5)
         5, (prev=0), (next=4)
         4, (prev=5), (next=7)
         7, (prev=4), (next=7)
         7, (prev=7), (next=6)
         6, (prev=7), (next=0)
         0, (prev=6), (next=8)
       8, (prev=0), (next=9)
       9, (prev=8), (next=11)
         11, (prev=9), (next=9)
         9, (prev=11), (next=11)
         11, (prev=9), (next=0)
         0, (prev=11)
splitted:
         4, (next=0)
         0, (prev=4), (next=5)
         5, (prev=0), (next=4)
         4, (prev=5), (next=7)
         7, (prev=4), (next=7)
         7, (prev=7), (next=6)
         6, (prev=7), (next=0)
         0, (prev=6), (next=8)
       8, (prev=0), (next=9)
       9, (prev=8), (next=5)
           5, (prev=9), (next=6)
           6, (prev=5), (next=9)
         9, (prev=6), (next=11)
         11, (prev=9), (next=0)
         0, (prev=11)
exploded:
         4, (next=0)
         0, (prev=4), (next=5)
         5, (prev=0), (next=4)
         4, (prev=5), (next=7)
         7, (prev=4), (next=7)
         7, (prev=7), (next=6)
         6, (prev=7), (next=0)
         0, (prev=6), (next=8)
       8, (prev=0), (next=14)
       14, (prev=8), (next=0)
         0, (prev=14), (next=15)
         15, (prev=0), (next=11)
         11, (prev=15), (next=0)
         0, (prev=11)
splitted:
         4, (next=0)
         0, (prev=4), (next=5)
         5, (prev=0), (next=4)
         4, (prev=5), (next=7)
         7, (prev=4), (next=7)
         7, (prev=7), (next=6)
         6, (prev=7), (next=0)
         0, (prev=6), (next=8)
       8, (prev=0), (next=7)
         7, (prev=8), (next=7)
         7, (prev=7), (next=0)
         0, (prev=7), (next=15)
         15, (prev=0), (next=11)
         11, (prev=15), (next=0)
         0, (prev=11)
splitted:
         4, (next=0)
         0, (prev=4), (next=5)
         5, (prev=0), (next=4)
         4, (prev=5), (next=7)
         7, (prev=4), (next=7)
         7, (prev=7), (next=6)
         6, (prev=7), (next=0)
         0, (prev=6), (next=8)
       8, (prev=0), (next=7)
         7, (prev=8), (next=7)
         7, (prev=7), (next=0)
         0, (prev=7), (next=7)
           7, (prev=0), (next=8)
           8, (prev=7), (next=11)
         11, (prev=8), (next=0)
         0, (prev=11)
exploded:
         4, (next=0)
         0, (prev=4), (next=5)
         5, (prev=0), (next=4)
         4, (prev=5), (next=7)
         7, (prev=4), (next=7)
         7, (prev=7), (next=6)
         6, (prev=7), (next=0)
         0, (prev=6), (next=8)
       8, (prev=0), (next=7)
         7, (prev=8), (next=7)
         7, (prev=7), (next=7)
         7, (prev=7), (next=0)
         0, (prev=7), (next=19)
         19, (prev=0), (next=0)
         0, (prev=19)
splitted:
         4, (next=0)
         0, (prev=4), (next=5)
         5, (prev=0), (next=4)
         4, (prev=5), (next=7)
         7, (prev=4), (next=7)
         7, (prev=7), (next=6)
         6, (prev=7), (next=0)
         0, (prev=6), (next=8)
       8, (prev=0), (next=7)
         7, (prev=8), (next=7)
         7, (prev=7), (next=7)
         7, (prev=7), (next=0)
         0, (prev=7), (next=9)
           9, (prev=0), (next=10)
           10, (prev=9), (next=0)
         0, (prev=10)
exploded:
         4, (next=0)
         0, (prev=4), (next=5)
         5, (prev=0), (next=4)
         4, (prev=5), (next=7)
         7, (prev=4), (next=7)
         7, (prev=7), (next=6)
         6, (prev=7), (next=0)
         0, (prev=6), (next=8)
       8, (prev=0), (next=7)
         7, (prev=8), (next=7)
         7, (prev=7), (next=7)
         7, (prev=7), (next=9)
         9, (prev=7), (next=0)
         0, (prev=9), (next=10)
         10, (prev=0)
splitted:
         4, (next=0)
         0, (prev=4), (next=5)
         5, (prev=0), (next=4)
         4, (prev=5), (next=7)
         7, (prev=4), (next=7)
         7, (prev=7), (next=6)
         6, (prev=7), (next=0)
         0, (prev=6), (next=8)
       8, (prev=0), (next=7)
         7, (prev=8), (next=7)
         7, (prev=7), (next=7)
         7, (prev=7), (next=9)
         9, (prev=7), (next=0)
         0, (prev=9), (next=5)
           5, (prev=0), (next=5)
           5, (prev=5)
exploded:
         4, (next=0)
         0, (prev=4), (next=5)
         5, (prev=0), (next=4)
         4, (prev=5), (next=7)
         7, (prev=4), (next=7)
         7, (prev=7), (next=6)
         6, (prev=7), (next=0)
         0, (prev=6), (next=8)
       8, (prev=0), (next=7)
         7, (prev=8), (next=7)
         7, (prev=7), (next=7)
         7, (prev=7), (next=9)
         9, (prev=7), (next=5)
         5, (prev=9), (next=0)
         0, (prev=5)
Result:
         4, (next=0)
         0, (prev=4), (next=5)
         5, (prev=0), (next=4)
         4, (prev=5), (next=7)
         7, (prev=4), (next=7)
         7, (prev=7), (next=6)
         6, (prev=7), (next=0)
         0, (prev=6), (next=8)
       8, (prev=0), (next=7)
         7, (prev=8), (next=7)
         7, (prev=7), (next=7)
         7, (prev=7), (next=9)
         9, (prev=7), (next=5)
         5, (prev=9), (next=0)
         0, (prev=5)
new tree
     2, (next=0)
         0, (prev=2), (next=8)
         8, (prev=0), (next=3)
         3, (prev=8), (next=4)
         4, (prev=3), (next=6)
         6, (prev=4), (next=7)
         7, (prev=6), (next=1)
       1, (prev=7), (next=7)
       7, (prev=1), (next=1)
         1, (prev=7), (next=6)
         6, (prev=1)
old end: 0 new start: 2
Reducing:
           4, (next=0)
           0, (prev=4), (next=5)
           5, (prev=0), (next=4)
           4, (prev=5), (next=7)
           7, (prev=4), (next=7)
           7, (prev=7), (next=6)
           6, (prev=7), (next=0)
           0, (prev=6), (next=8)
         8, (prev=0), (next=7)
           7, (prev=8), (next=7)
           7, (prev=7), (next=7)
           7, (prev=7), (next=9)
           9, (prev=7), (next=5)
           5, (prev=9), (next=0)
           0, (prev=5), (next=2)
       2, (prev=0), (next=0)
           0, (prev=2), (next=8)
           8, (prev=0), (next=3)
           3, (prev=8), (next=4)
           4, (prev=3), (next=6)
           6, (prev=4), (next=7)
           7, (prev=6), (next=1)
         1, (prev=7), (next=7)
         7, (prev=1), (next=1)
           1, (prev=7), (next=6)
           6, (prev=1)
exploded:
         0, (next=5)
           5, (prev=0), (next=4)
           4, (prev=5), (next=7)
           7, (prev=4), (next=7)
           7, (prev=7), (next=6)
           6, (prev=7), (next=0)
           0, (prev=6), (next=8)
         8, (prev=0), (next=7)
           7, (prev=8), (next=7)
           7, (prev=7), (next=7)
           7, (prev=7), (next=9)
           9, (prev=7), (next=5)
           5, (prev=9), (next=0)
           0, (prev=5), (next=2)
       2, (prev=0), (next=0)
           0, (prev=2), (next=8)
           8, (prev=0), (next=3)
           3, (prev=8), (next=4)
           4, (prev=3), (next=6)
           6, (prev=4), (next=7)
           7, (prev=6), (next=1)
         1, (prev=7), (next=7)
         7, (prev=1), (next=1)
           1, (prev=7), (next=6)
           6, (prev=1)
exploded:
         5, (next=0)
         0, (prev=5), (next=11)
           11, (prev=0), (next=7)
           7, (prev=11), (next=6)
           6, (prev=7), (next=0)
           0, (prev=6), (next=8)
         8, (prev=0), (next=7)
           7, (prev=8), (next=7)
           7, (prev=7), (next=7)
           7, (prev=7), (next=9)
           9, (prev=7), (next=5)
           5, (prev=9), (next=0)
           0, (prev=5), (next=2)
       2, (prev=0), (next=0)
           0, (prev=2), (next=8)
           8, (prev=0), (next=3)
           3, (prev=8), (next=4)
           4, (prev=3), (next=6)
           6, (prev=4), (next=7)
           7, (prev=6), (next=1)
         1, (prev=7), (next=7)
         7, (prev=1), (next=1)
           1, (prev=7), (next=6)
           6, (prev=1)
exploded:
         5, (next=11)
         11, (prev=5), (next=0)
         0, (prev=11), (next=13)
           13, (prev=0), (next=0)
           0, (prev=13), (next=8)
         8, (prev=0), (next=7)
           7, (prev=8), (next=7)
           7, (prev=7), (next=7)
           7, (prev=7), (next=9)
           9, (prev=7), (next=5)
           5, (prev=9), (next=0)
           0, (prev=5), (next=2)
       2, (prev=0), (next=0)
           0, (prev=2), (next=8)
           8, (prev=0), (next=3)
           3, (prev=8), (next=4)
           4, (prev=3), (next=6)
           6, (prev=4), (next=7)
           7, (prev=6), (next=1)
         1, (prev=7), (next=7)
         7, (prev=1), (next=1)
           1, (prev=7), (next=6)
           6, (prev=1)
exploded:
         5, (next=11)
         11, (prev=5), (next=13)
         13, (prev=11), (next=0)
         0, (prev=13), (next=8)
         8, (prev=0), (next=7)
           7, (prev=8), (next=7)
           7, (prev=7), (next=7)
           7, (prev=7), (next=9)
           9, (prev=7), (next=5)
           5, (prev=9), (next=0)
           0, (prev=5), (next=2)
       2, (prev=0), (next=0)
           0, (prev=2), (next=8)
           8, (prev=0), (next=3)
           3, (prev=8), (next=4)
           4, (prev=3), (next=6)
           6, (prev=4), (next=7)
           7, (prev=6), (next=1)
         1, (prev=7), (next=7)
         7, (prev=1), (next=1)
           1, (prev=7), (next=6)
           6, (prev=1)
exploded:
         5, (next=11)
         11, (prev=5), (next=13)
         13, (prev=11), (next=0)
         0, (prev=13), (next=15)
         15, (prev=0), (next=0)
         0, (prev=15), (next=14)
           14, (prev=0), (next=9)
           9, (prev=14), (next=5)
           5, (prev=9), (next=0)
           0, (prev=5), (next=2)
       2, (prev=0), (next=0)
           0, (prev=2), (next=8)
           8, (prev=0), (next=3)
           3, (prev=8), (next=4)
           4, (prev=3), (next=6)
           6, (prev=4), (next=7)
           7, (prev=6), (next=1)
         1, (prev=7), (next=7)
         7, (prev=1), (next=1)
           1, (prev=7), (next=6)
           6, (prev=1)
exploded:
         5, (next=11)
         11, (prev=5), (next=13)
         13, (prev=11), (next=0)
         0, (prev=13), (next=15)
         15, (prev=0), (next=14)
         14, (prev=15), (next=0)
         0, (prev=14), (next=14)
           14, (prev=0), (next=0)
           0, (prev=14), (next=2)
       2, (prev=0), (next=0)
           0, (prev=2), (next=8)
           8, (prev=0), (next=3)
           3, (prev=8), (next=4)
           4, (prev=3), (next=6)
           6, (prev=4), (next=7)
           7, (prev=6), (next=1)
         1, (prev=7), (next=7)
         7, (prev=1), (next=1)
           1, (prev=7), (next=6)
           6, (prev=1)
exploded:
         5, (next=11)
         11, (prev=5), (next=13)
         13, (prev=11), (next=0)
         0, (prev=13), (next=15)
         15, (prev=0), (next=14)
         14, (prev=15), (next=14)
         14, (prev=14), (next=0)
         0, (prev=14), (next=2)
       2, (prev=0), (next=0)
           0, (prev=2), (next=8)
           8, (prev=0), (next=3)
           3, (prev=8), (next=4)
           4, (prev=3), (next=6)
           6, (prev=4), (next=7)
           7, (prev=6), (next=1)
         1, (prev=7), (next=7)
         7, (prev=1), (next=1)
           1, (prev=7), (next=6)
           6, (prev=1)
exploded:
         5, (next=11)
         11, (prev=5), (next=13)
         13, (prev=11), (next=0)
         0, (prev=13), (next=15)
         15, (prev=0), (next=14)
         14, (prev=15), (next=14)
         14, (prev=14), (next=0)
         0, (prev=14), (next=2)
       2, (prev=0), (next=0)
         0, (prev=2), (next=11)
           11, (prev=0), (next=4)
           4, (prev=11), (next=6)
           6, (prev=4), (next=7)
           7, (prev=6), (next=1)
         1, (prev=7), (next=7)
         7, (prev=1), (next=1)
           1, (prev=7), (next=6)
           6, (prev=1)
exploded:
         5, (next=11)
         11, (prev=5), (next=13)
         13, (prev=11), (next=0)
         0, (prev=13), (next=15)
         15, (prev=0), (next=14)
         14, (prev=15), (next=14)
         14, (prev=14), (next=0)
         0, (prev=14), (next=2)
       2, (prev=0), (next=11)
         11, (prev=2), (next=0)
         0, (prev=11), (next=10)
           10, (prev=0), (next=7)
           7, (prev=10), (next=1)
         1, (prev=7), (next=7)
         7, (prev=1), (next=1)
           1, (prev=7), (next=6)
           6, (prev=1)
exploded:
         5, (next=11)
         11, (prev=5), (next=13)
         13, (prev=11), (next=0)
         0, (prev=13), (next=15)
         15, (prev=0), (next=14)
         14, (prev=15), (next=14)
         14, (prev=14), (next=0)
         0, (prev=14), (next=2)
       2, (prev=0), (next=11)
         11, (prev=2), (next=10)
         10, (prev=11), (next=0)
         0, (prev=10), (next=8)
         8, (prev=0), (next=7)
         7, (prev=8), (next=1)
           1, (prev=7), (next=6)
           6, (prev=1)
exploded:
         5, (next=11)
         11, (prev=5), (next=13)
         13, (prev=11), (next=0)
         0, (prev=13), (next=15)
         15, (prev=0), (next=14)
         14, (prev=15), (next=14)
         14, (prev=14), (next=0)
         0, (prev=14), (next=2)
       2, (prev=0), (next=11)
         11, (prev=2), (next=10)
         10, (prev=11), (next=0)
         0, (prev=10), (next=8)
         8, (prev=0), (next=8)
         8, (prev=8), (next=0)
         0, (prev=8)
splitted:
         5, (next=5)
           5, (prev=5), (next=6)
           6, (prev=5), (next=13)
         13, (prev=6), (next=0)
         0, (prev=13), (next=15)
         15, (prev=0), (next=14)
         14, (prev=15), (next=14)
         14, (prev=14), (next=0)
         0, (prev=14), (next=2)
       2, (prev=0), (next=11)
         11, (prev=2), (next=10)
         10, (prev=11), (next=0)
         0, (prev=10), (next=8)
         8, (prev=0), (next=8)
         8, (prev=8), (next=0)
         0, (prev=8)
exploded:
         10, (next=0)
         0, (prev=10), (next=19)
         19, (prev=0), (next=0)
         0, (prev=19), (next=15)
         15, (prev=0), (next=14)
         14, (prev=15), (next=14)
         14, (prev=14), (next=0)
         0, (prev=14), (next=2)
       2, (prev=0), (next=11)
         11, (prev=2), (next=10)
         10, (prev=11), (next=0)
         0, (prev=10), (next=8)
         8, (prev=0), (next=8)
         8, (prev=8), (next=0)
         0, (prev=8)
splitted:
           5, (next=5)
           5, (prev=5), (next=0)
         0, (prev=5), (next=19)
         19, (prev=0), (next=0)
         0, (prev=19), (next=15)
         15, (prev=0), (next=14)
         14, (prev=15), (next=14)
         14, (prev=14), (next=0)
         0, (prev=14), (next=2)
       2, (prev=0), (next=11)
         11, (prev=2), (next=10)
         10, (prev=11), (next=0)
         0, (prev=10), (next=8)
         8, (prev=0), (next=8)
         8, (prev=8), (next=0)
         0, (prev=8)
exploded:
         0, (next=5)
         5, (prev=0), (next=19)
         19, (prev=5), (next=0)
         0, (prev=19), (next=15)
         15, (prev=0), (next=14)
         14, (prev=15), (next=14)
         14, (prev=14), (next=0)
         0, (prev=14), (next=2)
       2, (prev=0), (next=11)
         11, (prev=2), (next=10)
         10, (prev=11), (next=0)
         0, (prev=10), (next=8)
         8, (prev=0), (next=8)
         8, (prev=8), (next=0)
         0, (prev=8)
splitted:
         0, (next=5)
         5, (prev=0), (next=9)
           9, (prev=5), (next=10)
           10, (prev=9), (next=0)
         0, (prev=10), (next=15)
         15, (prev=0), (next=14)
         14, (prev=15), (next=14)
         14, (prev=14), (next=0)
         0, (prev=14), (next=2)
       2, (prev=0), (next=11)
         11, (prev=2), (next=10)
         10, (prev=11), (next=0)
         0, (prev=10), (next=8)
         8, (prev=0), (next=8)
         8, (prev=8), (next=0)
         0, (prev=8)
exploded:
         0, (next=14)
         14, (prev=0), (next=0)
         0, (prev=14), (next=10)
         10, (prev=0), (next=15)
         15, (prev=10), (next=14)
         14, (prev=15), (next=14)
         14, (prev=14), (next=0)
         0, (prev=14), (next=2)
       2, (prev=0), (next=11)
         11, (prev=2), (next=10)
         10, (prev=11), (next=0)
         0, (prev=10), (next=8)
         8, (prev=0), (next=8)
         8, (prev=8), (next=0)
         0, (prev=8)
splitted:
         0, (next=7)
           7, (prev=0), (next=7)
           7, (prev=7), (next=0)
         0, (prev=7), (next=10)
         10, (prev=0), (next=15)
         15, (prev=10), (next=14)
         14, (prev=15), (next=14)
         14, (prev=14), (next=0)
         0, (prev=14), (next=2)
       2, (prev=0), (next=11)
         11, (prev=2), (next=10)
         10, (prev=11), (next=0)
         0, (prev=10), (next=8)
         8, (prev=0), (next=8)
         8, (prev=8), (next=0)
         0, (prev=8)
exploded:
         7, (next=0)
         0, (prev=7), (next=7)
         7, (prev=0), (next=10)
         10, (prev=7), (next=15)
         15, (prev=10), (next=14)
         14, (prev=15), (next=14)
         14, (prev=14), (next=0)
         0, (prev=14), (next=2)
       2, (prev=0), (next=11)
         11, (prev=2), (next=10)
         10, (prev=11), (next=0)
         0, (prev=10), (next=8)
         8, (prev=0), (next=8)
         8, (prev=8), (next=0)
         0, (prev=8)
splitted:
         7, (next=0)
         0, (prev=7), (next=7)
         7, (prev=0), (next=5)
           5, (prev=7), (next=5)
           5, (prev=5), (next=15)
         15, (prev=5), (next=14)
         14, (prev=15), (next=14)
         14, (prev=14), (next=0)
         0, (prev=14), (next=2)
       2, (prev=0), (next=11)
         11, (prev=2), (next=10)
         10, (prev=11), (next=0)
         0, (prev=10), (next=8)
         8, (prev=0), (next=8)
         8, (prev=8), (next=0)
         0, (prev=8)
exploded:
         7, (next=0)
         0, (prev=7), (next=12)
         12, (prev=0), (next=0)
         0, (prev=12), (next=20)
         20, (prev=0), (next=14)
         14, (prev=20), (next=14)
         14, (prev=14), (next=0)
         0, (prev=14), (next=2)
       2, (prev=0), (next=11)
         11, (prev=2), (next=10)
         10, (prev=11), (next=0)
         0, (prev=10), (next=8)
         8, (prev=0), (next=8)
         8, (prev=8), (next=0)
         0, (prev=8)
splitted:
         7, (next=0)
         0, (prev=7), (next=6)
           6, (prev=0), (next=6)
           6, (prev=6), (next=0)
         0, (prev=6), (next=20)
         20, (prev=0), (next=14)
         14, (prev=20), (next=14)
         14, (prev=14), (next=0)
         0, (prev=14), (next=2)
       2, (prev=0), (next=11)
         11, (prev=2), (next=10)
         10, (prev=11), (next=0)
         0, (prev=10), (next=8)
         8, (prev=0), (next=8)
         8, (prev=8), (next=0)
         0, (prev=8)
exploded:
         7, (next=6)
         6, (prev=7), (next=0)
         0, (prev=6), (next=6)
         6, (prev=0), (next=20)
         20, (prev=6), (next=14)
         14, (prev=20), (next=14)
         14, (prev=14), (next=0)
         0, (prev=14), (next=2)
       2, (prev=0), (next=11)
         11, (prev=2), (next=10)
         10, (prev=11), (next=0)
         0, (prev=10), (next=8)
         8, (prev=0), (next=8)
         8, (prev=8), (next=0)
         0, (prev=8)
splitted:
         7, (next=6)
         6, (prev=7), (next=0)
         0, (prev=6), (next=6)
         6, (prev=0), (next=10)
           10, (prev=6), (next=10)
           10, (prev=10), (next=14)
         14, (prev=10), (next=14)
         14, (prev=14), (next=0)
         0, (prev=14), (next=2)
       2, (prev=0), (next=11)
         11, (prev=2), (next=10)
         10, (prev=11), (next=0)
         0, (prev=10), (next=8)
         8, (prev=0), (next=8)
         8, (prev=8), (next=0)
         0, (prev=8)
exploded:
         7, (next=6)
         6, (prev=7), (next=0)
         0, (prev=6), (next=16)
         16, (prev=0), (next=0)
         0, (prev=16), (next=24)
         24, (prev=0), (next=14)
         14, (prev=24), (next=0)
         0, (prev=14), (next=2)
       2, (prev=0), (next=11)
         11, (prev=2), (next=10)
         10, (prev=11), (next=0)
         0, (prev=10), (next=8)
         8, (prev=0), (next=8)
         8, (prev=8), (next=0)
         0, (prev=8)
splitted:
         7, (next=6)
         6, (prev=7), (next=0)
         0, (prev=6), (next=8)
           8, (prev=0), (next=8)
           8, (prev=8), (next=0)
         0, (prev=8), (next=24)
         24, (prev=0), (next=14)
         14, (prev=24), (next=0)
         0, (prev=14), (next=2)
       2, (prev=0), (next=11)
         11, (prev=2), (next=10)
         10, (prev=11), (next=0)
         0, (prev=10), (next=8)
         8, (prev=0), (next=8)
         8, (prev=8), (next=0)
         0, (prev=8)
exploded:
         7, (next=6)
         6, (prev=7), (next=8)
         8, (prev=6), (next=0)
         0, (prev=8), (next=8)
         8, (prev=0), (next=24)
         24, (prev=8), (next=14)
         14, (prev=24), (next=0)
         0, (prev=14), (next=2)
       2, (prev=0), (next=11)
         11, (prev=2), (next=10)
         10, (prev=11), (next=0)
         0, (prev=10), (next=8)
         8, (prev=0), (next=8)
         8, (prev=8), (next=0)
         0, (prev=8)
splitted:
         7, (next=6)
         6, (prev=7), (next=8)
         8, (prev=6), (next=0)
         0, (prev=8), (next=8)
         8, (prev=0), (next=12)
           12, (prev=8), (next=12)
           12, (prev=12), (next=14)
         14, (prev=12), (next=0)
         0, (prev=14), (next=2)
       2, (prev=0), (next=11)
         11, (prev=2), (next=10)
         10, (prev=11), (next=0)
         0, (prev=10), (next=8)
         8, (prev=0), (next=8)
         8, (prev=8), (next=0)
         0, (prev=8)
exploded:
         7, (next=6)
         6, (prev=7), (next=8)
         8, (prev=6), (next=0)
         0, (prev=8), (next=20)
         20, (prev=0), (next=0)
         0, (prev=20), (next=26)
         26, (prev=0), (next=0)
         0, (prev=26), (next=2)
       2, (prev=0), (next=11)
         11, (prev=2), (next=10)
         10, (prev=11), (next=0)
         0, (prev=10), (next=8)
         8, (prev=0), (next=8)
         8, (prev=8), (next=0)
         0, (prev=8)
splitted:
         7, (next=6)
         6, (prev=7), (next=8)
         8, (prev=6), (next=0)
         0, (prev=8), (next=10)
           10, (prev=0), (next=10)
           10, (prev=10), (next=0)
         0, (prev=10), (next=26)
         26, (prev=0), (next=0)
         0, (prev=26), (next=2)
       2, (prev=0), (next=11)
         11, (prev=2), (next=10)
         10, (prev=11), (next=0)
         0, (prev=10), (next=8)
         8, (prev=0), (next=8)
         8, (prev=8), (next=0)
         0, (prev=8)
exploded:
         7, (next=6)
         6, (prev=7), (next=8)
         8, (prev=6), (next=10)
         10, (prev=8), (next=0)
         0, (prev=10), (next=10)
         10, (prev=0), (next=26)
         26, (prev=10), (next=0)
         0, (prev=26), (next=2)
       2, (prev=0), (next=11)
         11, (prev=2), (next=10)
         10, (prev=11), (next=0)
         0, (prev=10), (next=8)
         8, (prev=0), (next=8)
         8, (prev=8), (next=0)
         0, (prev=8)
splitted:
         7, (next=6)
         6, (prev=7), (next=8)
         8, (prev=6), (next=5)
           5, (prev=8), (next=5)
           5, (prev=5), (next=0)
         0, (prev=5), (next=10)
         10, (prev=0), (next=26)
         26, (prev=10), (next=0)
         0, (prev=26), (next=2)
       2, (prev=0), (next=11)
         11, (prev=2), (next=10)
         10, (prev=11), (next=0)
         0, (prev=10), (next=8)
         8, (prev=0), (next=8)
         8, (prev=8), (next=0)
         0, (prev=8)
exploded:
         7, (next=6)
         6, (prev=7), (next=13)
         13, (prev=6), (next=0)
         0, (prev=13), (next=5)
         5, (prev=0), (next=10)
         10, (prev=5), (next=26)
         26, (prev=10), (next=0)
         0, (prev=26), (next=2)
       2, (prev=0), (next=11)
         11, (prev=2), (next=10)
         10, (prev=11), (next=0)
         0, (prev=10), (next=8)
         8, (prev=0), (next=8)
         8, (prev=8), (next=0)
         0, (prev=8)
splitted:
         7, (next=6)
         6, (prev=7), (next=6)
           6, (prev=6), (next=7)
           7, (prev=6), (next=0)
         0, (prev=7), (next=5)
         5, (prev=0), (next=10)
         10, (prev=5), (next=26)
         26, (prev=10), (next=0)
         0, (prev=26), (next=2)
       2, (prev=0), (next=11)
         11, (prev=2), (next=10)
         10, (prev=11), (next=0)
         0, (prev=10), (next=8)
         8, (prev=0), (next=8)
         8, (prev=8), (next=0)
         0, (prev=8)
exploded:
         7, (next=12)
         12, (prev=7), (next=0)
         0, (prev=12), (next=7)
         7, (prev=0), (next=5)
         5, (prev=7), (next=10)
         10, (prev=5), (next=26)
         26, (prev=10), (next=0)
         0, (prev=26), (next=2)
       2, (prev=0), (next=11)
         11, (prev=2), (next=10)
         10, (prev=11), (next=0)
         0, (prev=10), (next=8)
         8, (prev=0), (next=8)
         8, (prev=8), (next=0)
         0, (prev=8)
splitted:
         7, (next=6)
           6, (prev=7), (next=6)
           6, (prev=6), (next=0)
         0, (prev=6), (next=7)
         7, (prev=0), (next=5)
         5, (prev=7), (next=10)
         10, (prev=5), (next=26)
         26, (prev=10), (next=0)
         0, (prev=26), (next=2)
       2, (prev=0), (next=11)
         11, (prev=2), (next=10)
         10, (prev=11), (next=0)
         0, (prev=10), (next=8)
         8, (prev=0), (next=8)
         8, (prev=8), (next=0)
         0, (prev=8)
exploded:
         13, (next=0)
         0, (prev=13), (next=6)
         6, (prev=0), (next=7)
         7, (prev=6), (next=5)
         5, (prev=7), (next=10)
         10, (prev=5), (next=26)
         26, (prev=10), (next=0)
         0, (prev=26), (next=2)
       2, (prev=0), (next=11)
         11, (prev=2), (next=10)
         10, (prev=11), (next=0)
         0, (prev=10), (next=8)
         8, (prev=0), (next=8)
         8, (prev=8), (next=0)
         0, (prev=8)
splitted:
           6, (next=7)
           7, (prev=6), (next=0)
         0, (prev=7), (next=6)
         6, (prev=0), (next=7)
         7, (prev=6), (next=5)
         5, (prev=7), (next=10)
         10, (prev=5), (next=26)
         26, (prev=10), (next=0)
         0, (prev=26), (next=2)
       2, (prev=0), (next=11)
         11, (prev=2), (next=10)
         10, (prev=11), (next=0)
         0, (prev=10), (next=8)
         8, (prev=0), (next=8)
         8, (prev=8), (next=0)
         0, (prev=8)
exploded:
         0, (next=7)
         7, (prev=0), (next=6)
         6, (prev=7), (next=7)
         7, (prev=6), (next=5)
         5, (prev=7), (next=10)
         10, (prev=5), (next=26)
         26, (prev=10), (next=0)
         0, (prev=26), (next=2)
       2, (prev=0), (next=11)
         11, (prev=2), (next=10)
         10, (prev=11), (next=0)
         0, (prev=10), (next=8)
         8, (prev=0), (next=8)
         8, (prev=8), (next=0)
         0, (prev=8)
splitted:
         0, (next=7)
         7, (prev=0), (next=6)
         6, (prev=7), (next=7)
         7, (prev=6), (next=5)
         5, (prev=7), (next=5)
           5, (prev=5), (next=5)
           5, (prev=5), (next=26)
         26, (prev=5), (next=0)
         0, (prev=26), (next=2)
       2, (prev=0), (next=11)
         11, (prev=2), (next=10)
         10, (prev=11), (next=0)
         0, (prev=10), (next=8)
         8, (prev=0), (next=8)
         8, (prev=8), (next=0)
         0, (prev=8)
exploded:
         0, (next=7)
         7, (prev=0), (next=6)
         6, (prev=7), (next=7)
         7, (prev=6), (next=10)
         10, (prev=7), (next=0)
         0, (prev=10), (next=31)
         31, (prev=0), (next=0)
         0, (prev=31), (next=2)
       2, (prev=0), (next=11)
         11, (prev=2), (next=10)
         10, (prev=11), (next=0)
         0, (prev=10), (next=8)
         8, (prev=0), (next=8)
         8, (prev=8), (next=0)
         0, (prev=8)
splitted:
         0, (next=7)
         7, (prev=0), (next=6)
         6, (prev=7), (next=7)
         7, (prev=6), (next=5)
           5, (prev=7), (next=5)
           5, (prev=5), (next=0)
         0, (prev=5), (next=31)
         31, (prev=0), (next=0)
         0, (prev=31), (next=2)
       2, (prev=0), (next=11)
         11, (prev=2), (next=10)
         10, (prev=11), (next=0)
         0, (prev=10), (next=8)
         8, (prev=0), (next=8)
         8, (prev=8), (next=0)
         0, (prev=8)
exploded:
         0, (next=7)
         7, (prev=0), (next=6)
         6, (prev=7), (next=12)
         12, (prev=6), (next=0)
         0, (prev=12), (next=5)
         5, (prev=0), (next=31)
         31, (prev=5), (next=0)
         0, (prev=31), (next=2)
       2, (prev=0), (next=11)
         11, (prev=2), (next=10)
         10, (prev=11), (next=0)
         0, (prev=10), (next=8)
         8, (prev=0), (next=8)
         8, (prev=8), (next=0)
         0, (prev=8)
splitted:
         0, (next=7)
         7, (prev=0), (next=6)
         6, (prev=7), (next=6)
           6, (prev=6), (next=6)
           6, (prev=6), (next=0)
         0, (prev=6), (next=5)
         5, (prev=0), (next=31)
         31, (prev=5), (next=0)
         0, (prev=31), (next=2)
       2, (prev=0), (next=11)
         11, (prev=2), (next=10)
         10, (prev=11), (next=0)
         0, (prev=10), (next=8)
         8, (prev=0), (next=8)
         8, (prev=8), (next=0)
         0, (prev=8)
exploded:
         0, (next=7)
         7, (prev=0), (next=12)
         12, (prev=7), (next=0)
         0, (prev=12), (next=6)
         6, (prev=0), (next=5)
         5, (prev=6), (next=31)
         31, (prev=5), (next=0)
         0, (prev=31), (next=2)
       2, (prev=0), (next=11)
         11, (prev=2), (next=10)
         10, (prev=11), (next=0)
         0, (prev=10), (next=8)
         8, (prev=0), (next=8)
         8, (prev=8), (next=0)
         0, (prev=8)
splitted:
         0, (next=7)
         7, (prev=0), (next=6)
           6, (prev=7), (next=6)
           6, (prev=6), (next=0)
         0, (prev=6), (next=6)
         6, (prev=0), (next=5)
         5, (prev=6), (next=31)
         31, (prev=5), (next=0)
         0, (prev=31), (next=2)
       2, (prev=0), (next=11)
         11, (prev=2), (next=10)
         10, (prev=11), (next=0)
         0, (prev=10), (next=8)
         8, (prev=0), (next=8)
         8, (prev=8), (next=0)
         0, (prev=8)
exploded:
         0, (next=13)
         13, (prev=0), (next=0)
         0, (prev=13), (next=6)
         6, (prev=0), (next=6)
         6, (prev=6), (next=5)
         5, (prev=6), (next=31)
         31, (prev=5), (next=0)
         0, (prev=31), (next=2)
       2, (prev=0), (next=11)
         11, (prev=2), (next=10)
         10, (prev=11), (next=0)
         0, (prev=10), (next=8)
         8, (prev=0), (next=8)
         8, (prev=8), (next=0)
         0, (prev=8)
splitted:
         0, (next=6)
           6, (prev=0), (next=7)
           7, (prev=6), (next=0)
         0, (prev=7), (next=6)
         6, (prev=0), (next=6)
         6, (prev=6), (next=5)
         5, (prev=6), (next=31)
         31, (prev=5), (next=0)
         0, (prev=31), (next=2)
       2, (prev=0), (next=11)
         11, (prev=2), (next=10)
         10, (prev=11), (next=0)
         0, (prev=10), (next=8)
         8, (prev=0), (next=8)
         8, (prev=8), (next=0)
         0, (prev=8)
exploded:
         6, (next=0)
         0, (prev=6), (next=7)
         7, (prev=0), (next=6)
         6, (prev=7), (next=6)
         6, (prev=6), (next=5)
         5, (prev=6), (next=31)
         31, (prev=5), (next=0)
         0, (prev=31), (next=2)
       2, (prev=0), (next=11)
         11, (prev=2), (next=10)
         10, (prev=11), (next=0)
         0, (prev=10), (next=8)
         8, (prev=0), (next=8)
         8, (prev=8), (next=0)
         0, (prev=8)
splitted:
         6, (next=0)
         0, (prev=6), (next=7)
         7, (prev=0), (next=6)
         6, (prev=7), (next=6)
         6, (prev=6), (next=5)
         5, (prev=6), (next=15)
           15, (prev=5), (next=16)
           16, (prev=15), (next=0)
         0, (prev=16), (next=2)
       2, (prev=0), (next=11)
         11, (prev=2), (next=10)
         10, (prev=11), (next=0)
         0, (prev=10), (next=8)
         8, (prev=0), (next=8)
         8, (prev=8), (next=0)
         0, (prev=8)
exploded:
         6, (next=0)
         0, (prev=6), (next=7)
         7, (prev=0), (next=6)
         6, (prev=7), (next=6)
         6, (prev=6), (next=20)
         20, (prev=6), (next=0)
         0, (prev=20), (next=16)
         16, (prev=0), (next=2)
       2, (prev=16), (next=11)
         11, (prev=2), (next=10)
         10, (prev=11), (next=0)
         0, (prev=10), (next=8)
         8, (prev=0), (next=8)
         8, (prev=8), (next=0)
         0, (prev=8)
splitted:
         6, (next=0)
         0, (prev=6), (next=7)
         7, (prev=0), (next=6)
         6, (prev=7), (next=6)
         6, (prev=6), (next=10)
           10, (prev=6), (next=10)
           10, (prev=10), (next=0)
         0, (prev=10), (next=16)
         16, (prev=0), (next=2)
       2, (prev=16), (next=11)
         11, (prev=2), (next=10)
         10, (prev=11), (next=0)
         0, (prev=10), (next=8)
         8, (prev=0), (next=8)
         8, (prev=8), (next=0)
         0, (prev=8)
exploded:
         6, (next=0)
         0, (prev=6), (next=7)
         7, (prev=0), (next=6)
         6, (prev=7), (next=16)
         16, (prev=6), (next=0)
         0, (prev=16), (next=10)
         10, (prev=0), (next=16)
         16, (prev=10), (next=2)
       2, (prev=16), (next=11)
         11, (prev=2), (next=10)
         10, (prev=11), (next=0)
         0, (prev=10), (next=8)
         8, (prev=0), (next=8)
         8, (prev=8), (next=0)
         0, (prev=8)
splitted:
         6, (next=0)
         0, (prev=6), (next=7)
         7, (prev=0), (next=6)
         6, (prev=7), (next=8)
           8, (prev=6), (next=8)
           8, (prev=8), (next=0)
         0, (prev=8), (next=10)
         10, (prev=0), (next=16)
         16, (prev=10), (next=2)
       2, (prev=16), (next=11)
         11, (prev=2), (next=10)
         10, (prev=11), (next=0)
         0, (prev=10), (next=8)
         8, (prev=0), (next=8)
         8, (prev=8), (next=0)
         0, (prev=8)
exploded:
         6, (next=0)
         0, (prev=6), (next=7)
         7, (prev=0), (next=14)
         14, (prev=7), (next=0)
         0, (prev=14), (next=8)
         8, (prev=0), (next=10)
         10, (prev=8), (next=16)
         16, (prev=10), (next=2)
       2, (prev=16), (next=11)
         11, (prev=2), (next=10)
         10, (prev=11), (next=0)
         0, (prev=10), (next=8)
         8, (prev=0), (next=8)
         8, (prev=8), (next=0)
         0, (prev=8)
splitted:
         6, (next=0)
         0, (prev=6), (next=7)
         7, (prev=0), (next=7)
           7, (prev=7), (next=7)
           7, (prev=7), (next=0)
         0, (prev=7), (next=8)
         8, (prev=0), (next=10)
         10, (prev=8), (next=16)
         16, (prev=10), (next=2)
       2, (prev=16), (next=11)
         11, (prev=2), (next=10)
         10, (prev=11), (next=0)
         0, (prev=10), (next=8)
         8, (prev=0), (next=8)
         8, (prev=8), (next=0)
         0, (prev=8)
exploded:
         6, (next=0)
         0, (prev=6), (next=14)
         14, (prev=0), (next=0)
         0, (prev=14), (next=7)
         7, (prev=0), (next=8)
         8, (prev=7), (next=10)
         10, (prev=8), (next=16)
         16, (prev=10), (next=2)
       2, (prev=16), (next=11)
         11, (prev=2), (next=10)
         10, (prev=11), (next=0)
         0, (prev=10), (next=8)
         8, (prev=0), (next=8)
         8, (prev=8), (next=0)
         0, (prev=8)
splitted:
         6, (next=0)
         0, (prev=6), (next=7)
           7, (prev=0), (next=7)
           7, (prev=7), (next=0)
         0, (prev=7), (next=7)
         7, (prev=0), (next=8)
         8, (prev=7), (next=10)
         10, (prev=8), (next=16)
         16, (prev=10), (next=2)
       2, (prev=16), (next=11)
         11, (prev=2), (next=10)
         10, (prev=11), (next=0)
         0, (prev=10), (next=8)
         8, (prev=0), (next=8)
         8, (prev=8), (next=0)
         0, (prev=8)
exploded:
         6, (next=7)
         7, (prev=6), (next=0)
         0, (prev=7), (next=7)
         7, (prev=0), (next=7)
         7, (prev=7), (next=8)
         8, (prev=7), (next=10)
         10, (prev=8), (next=16)
         16, (prev=10), (next=2)
       2, (prev=16), (next=11)
         11, (prev=2), (next=10)
         10, (prev=11), (next=0)
         0, (prev=10), (next=8)
         8, (prev=0), (next=8)
         8, (prev=8), (next=0)
         0, (prev=8)
splitted:
         6, (next=7)
         7, (prev=6), (next=0)
         0, (prev=7), (next=7)
         7, (prev=0), (next=7)
         7, (prev=7), (next=8)
         8, (prev=7), (next=5)
           5, (prev=8), (next=5)
           5, (prev=5), (next=16)
         16, (prev=5), (next=2)
       2, (prev=16), (next=11)
         11, (prev=2), (next=10)
         10, (prev=11), (next=0)
         0, (prev=10), (next=8)
         8, (prev=0), (next=8)
         8, (prev=8), (next=0)
         0, (prev=8)
exploded:
         6, (next=7)
         7, (prev=6), (next=0)
         0, (prev=7), (next=7)
         7, (prev=0), (next=7)
         7, (prev=7), (next=13)
         13, (prev=7), (next=0)
         0, (prev=13), (next=21)
         21, (prev=0), (next=2)
       2, (prev=21), (next=11)
         11, (prev=2), (next=10)
         10, (prev=11), (next=0)
         0, (prev=10), (next=8)
         8, (prev=0), (next=8)
         8, (prev=8), (next=0)
         0, (prev=8)
splitted:
         6, (next=7)
         7, (prev=6), (next=0)
         0, (prev=7), (next=7)
         7, (prev=0), (next=7)
         7, (prev=7), (next=6)
           6, (prev=7), (next=7)
           7, (prev=6), (next=0)
         0, (prev=7), (next=21)
         21, (prev=0), (next=2)
       2, (prev=21), (next=11)
         11, (prev=2), (next=10)
         10, (prev=11), (next=0)
         0, (prev=10), (next=8)
         8, (prev=0), (next=8)
         8, (prev=8), (next=0)
         0, (prev=8)
exploded:
         6, (next=7)
         7, (prev=6), (next=0)
         0, (prev=7), (next=7)
         7, (prev=0), (next=13)
         13, (prev=7), (next=0)
         0, (prev=13), (next=7)
         7, (prev=0), (next=21)
         21, (prev=7), (next=2)
       2, (prev=21), (next=11)
         11, (prev=2), (next=10)
         10, (prev=11), (next=0)
         0, (prev=10), (next=8)
         8, (prev=0), (next=8)
         8, (prev=8), (next=0)
         0, (prev=8)
splitted:
         6, (next=7)
         7, (prev=6), (next=0)
         0, (prev=7), (next=7)
         7, (prev=0), (next=6)
           6, (prev=7), (next=7)
           7, (prev=6), (next=0)
         0, (prev=7), (next=7)
         7, (prev=0), (next=21)
         21, (prev=7), (next=2)
       2, (prev=21), (next=11)
         11, (prev=2), (next=10)
         10, (prev=11), (next=0)
         0, (prev=10), (next=8)
         8, (prev=0), (next=8)
         8, (prev=8), (next=0)
         0, (prev=8)
exploded:
         6, (next=7)
         7, (prev=6), (next=0)
         0, (prev=7), (next=13)
         13, (prev=0), (next=0)
         0, (prev=13), (next=7)
         7, (prev=0), (next=7)
         7, (prev=7), (next=21)
         21, (prev=7), (next=2)
       2, (prev=21), (next=11)
         11, (prev=2), (next=10)
         10, (prev=11), (next=0)
         0, (prev=10), (next=8)
         8, (prev=0), (next=8)
         8, (prev=8), (next=0)
         0, (prev=8)
splitted:
         6, (next=7)
         7, (prev=6), (next=0)
         0, (prev=7), (next=6)
           6, (prev=0), (next=7)
           7, (prev=6), (next=0)
         0, (prev=7), (next=7)
         7, (prev=0), (next=7)
         7, (prev=7), (next=21)
         21, (prev=7), (next=2)
       2, (prev=21), (next=11)
         11, (prev=2), (next=10)
         10, (prev=11), (next=0)
         0, (prev=10), (next=8)
         8, (prev=0), (next=8)
         8, (prev=8), (next=0)
         0, (prev=8)
exploded:
         6, (next=7)
         7, (prev=6), (next=6)
         6, (prev=7), (next=0)
         0, (prev=6), (next=7)
         7, (prev=0), (next=7)
         7, (prev=7), (next=7)
         7, (prev=7), (next=21)
         21, (prev=7), (next=2)
       2, (prev=21), (next=11)
         11, (prev=2), (next=10)
         10, (prev=11), (next=0)
         0, (prev=10), (next=8)
         8, (prev=0), (next=8)
         8, (prev=8), (next=0)
         0, (prev=8)
splitted:
         6, (next=7)
         7, (prev=6), (next=6)
         6, (prev=7), (next=0)
         0, (prev=6), (next=7)
         7, (prev=0), (next=7)
         7, (prev=7), (next=7)
         7, (prev=7), (next=10)
           10, (prev=7), (next=11)
           11, (prev=10), (next=2)
       2, (prev=11), (next=11)
         11, (prev=2), (next=10)
         10, (prev=11), (next=0)
         0, (prev=10), (next=8)
         8, (prev=0), (next=8)
         8, (prev=8), (next=0)
         0, (prev=8)
exploded:
         6, (next=7)
         7, (prev=6), (next=6)
         6, (prev=7), (next=0)
         0, (prev=6), (next=7)
         7, (prev=0), (next=7)
         7, (prev=7), (next=17)
         17, (prev=7), (next=0)
         0, (prev=17), (next=13)
       13, (prev=0), (next=11)
         11, (prev=13), (next=10)
         10, (prev=11), (next=0)
         0, (prev=10), (next=8)
         8, (prev=0), (next=8)
         8, (prev=8), (next=0)
         0, (prev=8)
splitted:
         6, (next=7)
         7, (prev=6), (next=6)
         6, (prev=7), (next=0)
         0, (prev=6), (next=7)
         7, (prev=0), (next=7)
         7, (prev=7), (next=8)
           8, (prev=7), (next=9)
           9, (prev=8), (next=0)
         0, (prev=9), (next=13)
       13, (prev=0), (next=11)
         11, (prev=13), (next=10)
         10, (prev=11), (next=0)
         0, (prev=10), (next=8)
         8, (prev=0), (next=8)
         8, (prev=8), (next=0)
         0, (prev=8)
exploded:
         6, (next=7)
         7, (prev=6), (next=6)
         6, (prev=7), (next=0)
         0, (prev=6), (next=7)
         7, (prev=0), (next=15)
         15, (prev=7), (next=0)
         0, (prev=15), (next=9)
         9, (prev=0), (next=13)
       13, (prev=9), (next=11)
         11, (prev=13), (next=10)
         10, (prev=11), (next=0)
         0, (prev=10), (next=8)
         8, (prev=0), (next=8)
         8, (prev=8), (next=0)
         0, (prev=8)
splitted:
         6, (next=7)
         7, (prev=6), (next=6)
         6, (prev=7), (next=0)
         0, (prev=6), (next=7)
         7, (prev=0), (next=7)
           7, (prev=7), (next=8)
           8, (prev=7), (next=0)
         0, (prev=8), (next=9)
         9, (prev=0), (next=13)
       13, (prev=9), (next=11)
         11, (prev=13), (next=10)
         10, (prev=11), (next=0)
         0, (prev=10), (next=8)
         8, (prev=0), (next=8)
         8, (prev=8), (next=0)
         0, (prev=8)
exploded:
         6, (next=7)
         7, (prev=6), (next=6)
         6, (prev=7), (next=0)
         0, (prev=6), (next=14)
         14, (prev=0), (next=0)
         0, (prev=14), (next=8)
         8, (prev=0), (next=9)
         9, (prev=8), (next=13)
       13, (prev=9), (next=11)
         11, (prev=13), (next=10)
         10, (prev=11), (next=0)
         0, (prev=10), (next=8)
         8, (prev=0), (next=8)
         8, (prev=8), (next=0)
         0, (prev=8)
splitted:
         6, (next=7)
         7, (prev=6), (next=6)
         6, (prev=7), (next=0)
         0, (prev=6), (next=7)
           7, (prev=0), (next=7)
           7, (prev=7), (next=0)
         0, (prev=7), (next=8)
         8, (prev=0), (next=9)
         9, (prev=8), (next=13)
       13, (prev=9), (next=11)
         11, (prev=13), (next=10)
         10, (prev=11), (next=0)
         0, (prev=10), (next=8)
         8, (prev=0), (next=8)
         8, (prev=8), (next=0)
         0, (prev=8)
exploded:
         6, (next=7)
         7, (prev=6), (next=6)
         6, (prev=7), (next=7)
         7, (prev=6), (next=0)
         0, (prev=7), (next=7)
         7, (prev=0), (next=8)
         8, (prev=7), (next=9)
         9, (prev=8), (next=13)
       13, (prev=9), (next=11)
         11, (prev=13), (next=10)
         10, (prev=11), (next=0)
         0, (prev=10), (next=8)
         8, (prev=0), (next=8)
         8, (prev=8), (next=0)
         0, (prev=8)
splitted:
         6, (next=7)
         7, (prev=6), (next=6)
         6, (prev=7), (next=7)
         7, (prev=6), (next=0)
         0, (prev=7), (next=7)
         7, (prev=0), (next=8)
         8, (prev=7), (next=9)
         9, (prev=8), (next=6)
         6, (prev=9), (next=7)
         7, (prev=6), (next=11)
         11, (prev=7), (next=10)
         10, (prev=11), (next=0)
         0, (prev=10), (next=8)
         8, (prev=0), (next=8)
         8, (prev=8), (next=0)
         0, (prev=8)
splitted:
         6, (next=7)
         7, (prev=6), (next=6)
         6, (prev=7), (next=7)
         7, (prev=6), (next=0)
         0, (prev=7), (next=7)
         7, (prev=0), (next=8)
         8, (prev=7), (next=9)
         9, (prev=8), (next=6)
         6, (prev=9), (next=7)
         7, (prev=6), (next=5)
           5, (prev=7), (next=6)
           6, (prev=5), (next=10)
         10, (prev=6), (next=0)
         0, (prev=10), (next=8)
         8, (prev=0), (next=8)
         8, (prev=8), (next=0)
         0, (prev=8)
exploded:
         6, (next=7)
         7, (prev=6), (next=6)
         6, (prev=7), (next=7)
         7, (prev=6), (next=0)
         0, (prev=7), (next=7)
         7, (prev=0), (next=8)
         8, (prev=7), (next=9)
         9, (prev=8), (next=6)
         6, (prev=9), (next=12)
         12, (prev=6), (next=0)
         0, (prev=12), (next=16)
         16, (prev=0), (next=0)
         0, (prev=16), (next=8)
         8, (prev=0), (next=8)
         8, (prev=8), (next=0)
         0, (prev=8)
splitted:
         6, (next=7)
         7, (prev=6), (next=6)
         6, (prev=7), (next=7)
         7, (prev=6), (next=0)
         0, (prev=7), (next=7)
         7, (prev=0), (next=8)
         8, (prev=7), (next=9)
         9, (prev=8), (next=6)
         6, (prev=9), (next=6)
           6, (prev=6), (next=6)
           6, (prev=6), (next=0)
         0, (prev=6), (next=16)
         16, (prev=0), (next=0)
         0, (prev=16), (next=8)
         8, (prev=0), (next=8)
         8, (prev=8), (next=0)
         0, (prev=8)
exploded:
         6, (next=7)
         7, (prev=6), (next=6)
         6, (prev=7), (next=7)
         7, (prev=6), (next=0)
         0, (prev=7), (next=7)
         7, (prev=0), (next=8)
         8, (prev=7), (next=9)
         9, (prev=8), (next=12)
         12, (prev=9), (next=0)
         0, (prev=12), (next=6)
         6, (prev=0), (next=16)
         16, (prev=6), (next=0)
         0, (prev=16), (next=8)
         8, (prev=0), (next=8)
         8, (prev=8), (next=0)
         0, (prev=8)
splitted:
         6, (next=7)
         7, (prev=6), (next=6)
         6, (prev=7), (next=7)
         7, (prev=6), (next=0)
         0, (prev=7), (next=7)
         7, (prev=0), (next=8)
         8, (prev=7), (next=9)
         9, (prev=8), (next=6)
           6, (prev=9), (next=6)
           6, (prev=6), (next=0)
         0, (prev=6), (next=6)
         6, (prev=0), (next=16)
         16, (prev=6), (next=0)
         0, (prev=16), (next=8)
         8, (prev=0), (next=8)
         8, (prev=8), (next=0)
         0, (prev=8)
exploded:
         6, (next=7)
         7, (prev=6), (next=6)
         6, (prev=7), (next=7)
         7, (prev=6), (next=0)
         0, (prev=7), (next=7)
         7, (prev=0), (next=8)
         8, (prev=7), (next=15)
         15, (prev=8), (next=0)
         0, (prev=15), (next=6)
         6, (prev=0), (next=6)
         6, (prev=6), (next=16)
         16, (prev=6), (next=0)
         0, (prev=16), (next=8)
         8, (prev=0), (next=8)
         8, (prev=8), (next=0)
         0, (prev=8)
splitted:
         6, (next=7)
         7, (prev=6), (next=6)
         6, (prev=7), (next=7)
         7, (prev=6), (next=0)
         0, (prev=7), (next=7)
         7, (prev=0), (next=8)
         8, (prev=7), (next=7)
           7, (prev=8), (next=8)
           8, (prev=7), (next=0)
         0, (prev=8), (next=6)
         6, (prev=0), (next=6)
         6, (prev=6), (next=16)
         16, (prev=6), (next=0)
         0, (prev=16), (next=8)
         8, (prev=0), (next=8)
         8, (prev=8), (next=0)
         0, (prev=8)
exploded:
         6, (next=7)
         7, (prev=6), (next=6)
         6, (prev=7), (next=7)
         7, (prev=6), (next=0)
         0, (prev=7), (next=7)
         7, (prev=0), (next=15)
         15, (prev=7), (next=0)
         0, (prev=15), (next=8)
         8, (prev=0), (next=6)
         6, (prev=8), (next=6)
         6, (prev=6), (next=16)
         16, (prev=6), (next=0)
         0, (prev=16), (next=8)
         8, (prev=0), (next=8)
         8, (prev=8), (next=0)
         0, (prev=8)
splitted:
         6, (next=7)
         7, (prev=6), (next=6)
         6, (prev=7), (next=7)
         7, (prev=6), (next=0)
         0, (prev=7), (next=7)
         7, (prev=0), (next=7)
           7, (prev=7), (next=8)
           8, (prev=7), (next=0)
         0, (prev=8), (next=8)
         8, (prev=0), (next=6)
         6, (prev=8), (next=6)
         6, (prev=6), (next=16)
         16, (prev=6), (next=0)
         0, (prev=16), (next=8)
         8, (prev=0), (next=8)
         8, (prev=8), (next=0)
         0, (prev=8)
exploded:
         6, (next=7)
         7, (prev=6), (next=6)
         6, (prev=7), (next=7)
         7, (prev=6), (next=0)
         0, (prev=7), (next=14)
         14, (prev=0), (next=0)
         0, (prev=14), (next=8)
         8, (prev=0), (next=8)
         8, (prev=8), (next=6)
         6, (prev=8), (next=6)
         6, (prev=6), (next=16)
         16, (prev=6), (next=0)
         0, (prev=16), (next=8)
         8, (prev=0), (next=8)
         8, (prev=8), (next=0)
         0, (prev=8)
splitted:
         6, (next=7)
         7, (prev=6), (next=6)
         6, (prev=7), (next=7)
         7, (prev=6), (next=0)
         0, (prev=7), (next=7)
           7, (prev=0), (next=7)
           7, (prev=7), (next=0)
         0, (prev=7), (next=8)
         8, (prev=0), (next=8)
         8, (prev=8), (next=6)
         6, (prev=8), (next=6)
         6, (prev=6), (next=16)
         16, (prev=6), (next=0)
         0, (prev=16), (next=8)
         8, (prev=0), (next=8)
         8, (prev=8), (next=0)
         0, (prev=8)
exploded:
         6, (next=7)
         7, (prev=6), (next=6)
         6, (prev=7), (next=7)
         7, (prev=6), (next=7)
         7, (prev=7), (next=0)
         0, (prev=7), (next=7)
         7, (prev=0), (next=8)
         8, (prev=7), (next=8)
         8, (prev=8), (next=6)
         6, (prev=8), (next=6)
         6, (prev=6), (next=16)
         16, (prev=6), (next=0)
         0, (prev=16), (next=8)
         8, (prev=0), (next=8)
         8, (prev=8), (next=0)
         0, (prev=8)
splitted:
         6, (next=7)
         7, (prev=6), (next=6)
         6, (prev=7), (next=7)
         7, (prev=6), (next=7)
         7, (prev=7), (next=0)
         0, (prev=7), (next=7)
         7, (prev=0), (next=8)
         8, (prev=7), (next=8)
         8, (prev=8), (next=6)
         6, (prev=8), (next=6)
         6, (prev=6), (next=8)
           8, (prev=6), (next=8)
           8, (prev=8), (next=0)
         0, (prev=8), (next=8)
         8, (prev=0), (next=8)
         8, (prev=8), (next=0)
         0, (prev=8)
exploded:
         6, (next=7)
         7, (prev=6), (next=6)
         6, (prev=7), (next=7)
         7, (prev=6), (next=7)
         7, (prev=7), (next=0)
         0, (prev=7), (next=7)
         7, (prev=0), (next=8)
         8, (prev=7), (next=8)
         8, (prev=8), (next=6)
         6, (prev=8), (next=14)
         14, (prev=6), (next=0)
         0, (prev=14), (next=8)
         8, (prev=0), (next=8)
         8, (prev=8), (next=8)
         8, (prev=8), (next=0)
         0, (prev=8)
splitted:
         6, (next=7)
         7, (prev=6), (next=6)
         6, (prev=7), (next=7)
         7, (prev=6), (next=7)
         7, (prev=7), (next=0)
         0, (prev=7), (next=7)
         7, (prev=0), (next=8)
         8, (prev=7), (next=8)
         8, (prev=8), (next=6)
         6, (prev=8), (next=7)
           7, (prev=6), (next=7)
           7, (prev=7), (next=0)
         0, (prev=7), (next=8)
         8, (prev=0), (next=8)
         8, (prev=8), (next=8)
         8, (prev=8), (next=0)
         0, (prev=8)
exploded:
         6, (next=7)
         7, (prev=6), (next=6)
         6, (prev=7), (next=7)
         7, (prev=6), (next=7)
         7, (prev=7), (next=0)
         0, (prev=7), (next=7)
         7, (prev=0), (next=8)
         8, (prev=7), (next=8)
         8, (prev=8), (next=13)
         13, (prev=8), (next=0)
         0, (prev=13), (next=7)
         7, (prev=0), (next=8)
         8, (prev=7), (next=8)
         8, (prev=8), (next=8)
         8, (prev=8), (next=0)
         0, (prev=8)
splitted:
         6, (next=7)
         7, (prev=6), (next=6)
         6, (prev=7), (next=7)
         7, (prev=6), (next=7)
         7, (prev=7), (next=0)
         0, (prev=7), (next=7)
         7, (prev=0), (next=8)
         8, (prev=7), (next=8)
         8, (prev=8), (next=6)
           6, (prev=8), (next=7)
           7, (prev=6), (next=0)
         0, (prev=7), (next=7)
         7, (prev=0), (next=8)
         8, (prev=7), (next=8)
         8, (prev=8), (next=8)
         8, (prev=8), (next=0)
         0, (prev=8)
exploded:
         6, (next=7)
         7, (prev=6), (next=6)
         6, (prev=7), (next=7)
         7, (prev=6), (next=7)
         7, (prev=7), (next=0)
         0, (prev=7), (next=7)
         7, (prev=0), (next=8)
         8, (prev=7), (next=14)
         14, (prev=8), (next=0)
         0, (prev=14), (next=7)
         7, (prev=0), (next=7)
         7, (prev=7), (next=8)
         8, (prev=7), (next=8)
         8, (prev=8), (next=8)
         8, (prev=8), (next=0)
         0, (prev=8)
splitted:
         6, (next=7)
         7, (prev=6), (next=6)
         6, (prev=7), (next=7)
         7, (prev=6), (next=7)
         7, (prev=7), (next=0)
         0, (prev=7), (next=7)
         7, (prev=0), (next=8)
         8, (prev=7), (next=7)
           7, (prev=8), (next=7)
           7, (prev=7), (next=0)
         0, (prev=7), (next=7)
         7, (prev=0), (next=7)
         7, (prev=7), (next=8)
         8, (prev=7), (next=8)
         8, (prev=8), (next=8)
         8, (prev=8), (next=0)
         0, (prev=8)
exploded:
         6, (next=7)
         7, (prev=6), (next=6)
         6, (prev=7), (next=7)
         7, (prev=6), (next=7)
         7, (prev=7), (next=0)
         0, (prev=7), (next=7)
         7, (prev=0), (next=15)
         15, (prev=7), (next=0)
         0, (prev=15), (next=7)
         7, (prev=0), (next=7)
         7, (prev=7), (next=7)
         7, (prev=7), (next=8)
         8, (prev=7), (next=8)
         8, (prev=8), (next=8)
         8, (prev=8), (next=0)
         0, (prev=8)
splitted:
         6, (next=7)
         7, (prev=6), (next=6)
         6, (prev=7), (next=7)
         7, (prev=6), (next=7)
         7, (prev=7), (next=0)
         0, (prev=7), (next=7)
         7, (prev=0), (next=7)
           7, (prev=7), (next=8)
           8, (prev=7), (next=0)
         0, (prev=8), (next=7)
         7, (prev=0), (next=7)
         7, (prev=7), (next=7)
         7, (prev=7), (next=8)
         8, (prev=7), (next=8)
         8, (prev=8), (next=8)
         8, (prev=8), (next=0)
         0, (prev=8)
exploded:
         6, (next=7)
         7, (prev=6), (next=6)
         6, (prev=7), (next=7)
         7, (prev=6), (next=7)
         7, (prev=7), (next=0)
         0, (prev=7), (next=14)
         14, (prev=0), (next=0)
         0, (prev=14), (next=8)
         8, (prev=0), (next=7)
         7, (prev=8), (next=7)
         7, (prev=7), (next=7)
         7, (prev=7), (next=8)
         8, (prev=7), (next=8)
         8, (prev=8), (next=8)
         8, (prev=8), (next=0)
         0, (prev=8)
splitted:
         6, (next=7)
         7, (prev=6), (next=6)
         6, (prev=7), (next=7)
         7, (prev=6), (next=7)
         7, (prev=7), (next=0)
         0, (prev=7), (next=7)
           7, (prev=0), (next=7)
           7, (prev=7), (next=0)
         0, (prev=7), (next=8)
         8, (prev=0), (next=7)
         7, (prev=8), (next=7)
         7, (prev=7), (next=7)
         7, (prev=7), (next=8)
         8, (prev=7), (next=8)
         8, (prev=8), (next=8)
         8, (prev=8), (next=0)
         0, (prev=8)
exploded:
         6, (next=7)
         7, (prev=6), (next=6)
         6, (prev=7), (next=7)
         7, (prev=6), (next=7)
         7, (prev=7), (next=7)
         7, (prev=7), (next=0)
         0, (prev=7), (next=7)
         7, (prev=0), (next=8)
         8, (prev=7), (next=7)
         7, (prev=8), (next=7)
         7, (prev=7), (next=7)
         7, (prev=7), (next=8)
         8, (prev=7), (next=8)
         8, (prev=8), (next=8)
         8, (prev=8), (next=0)
         0, (prev=8)
Result:
         6, (next=7)
         7, (prev=6), (next=6)
         6, (prev=7), (next=7)
         7, (prev=6), (next=7)
         7, (prev=7), (next=7)
         7, (prev=7), (next=0)
         0, (prev=7), (next=7)
         7, (prev=0), (next=8)
         8, (prev=7), (next=7)
         7, (prev=8), (next=7)
         7, (prev=7), (next=7)
         7, (prev=7), (next=8)
         8, (prev=7), (next=8)
         8, (prev=8), (next=8)
         8, (prev=8), (next=0)
         0, (prev=8)
